[ 2017-05-02T20:21:09+08:00 ] 127.0.0.1 127.0.0.1 GET /new/wuzu/tp5/public/index.php/home/index/index.html
[ log ] 127.0.0.1/new/wuzu/tp5/public/index.php/home/index/index.html [运行时间：1.725099s][吞吐率：0.58req/s] [内存消耗：2,653.18kb] [文件加载：55]
[ info ] [ ROUTE ] array (
  'type' => 'module',
  'module' => 
  array (
    0 => 'home',
    1 => 'index',
    2 => 'index',
  ),
)
[ info ] [ HEADER ] array (
  'host' => '127.0.0.1',
  'user-agent' => 'Mozilla/5.0 (Windows NT 6.1; WOW64; rv:53.0) Gecko/20100101 Firefox/53.0',
  'accept' => 'text/html,application/xhtml+xml,application/xml;q=0.9,*/*;q=0.8',
  'accept-language' => 'zh-CN,zh;q=0.8,en-US;q=0.5,en;q=0.3',
  'accept-encoding' => 'gzip, deflate',
  'cookie' => 'Hm_lvt_b3a3fc356d0af38b811a0ef8d50716b8=1491044406; userInfoaccountclouds=1; Hm_lvt_1d2519efe52fbcddc471e1b2ee80eb9e=1492998958,1493082540,1493168890,1493725117; Hm_lvt_96c5dc397e46524e7d236e225f0e3cfe=1493004947; ECSCP_ID=3c7146952bbde4a6c9eff27a9d7d328983abf485; think_var=zh-cn; Hm_lpvt_1d2519efe52fbcddc471e1b2ee80eb9e=1493727664; PHPSESSID=3qf8b8c65dg1dajnmrg1n7q5f0',
  'connection' => 'keep-alive',
  'upgrade-insecure-requests' => '1',
)
[ info ] [ PARAM ] array (
)
[ info ] [ RUN ] Method [ <user> public method index ] {
  @@ D:\phpStudy\WWW\php\new\wuzu\tp5\application\home\controller\Index.php 7 - 50
}

[ info ] [ DB ] INIT mysql
[ info ] [ CACHE ] INIT File
[ info ] [ DB ] INIT mysql
[ info ] [ DB ] INIT mysql
[ info ] [ DB ] INIT mysql
[ info ] [ DB ] INIT mysql
[ info ] [ DB ] INIT mysql
[ info ] [ DB ] INIT mysql
[ info ] [ DB ] INIT mysql
[ info ] [ DB ] INIT mysql
[ info ] [ VIEW ] D:\phpStudy\WWW\php\new\wuzu\tp5\public/../application/home\view\index\index.html [ array (
  0 => 'lun',
  1 => 'hunyan',
  2 => 'hunsha',
  3 => 'miyue',
  4 => 'hunce',
  5 => 'hunyans',
  6 => 'hunshas',
  7 => 'miyues',
  8 => 'hunces',
) ]
[ info ] [ LOG ] INIT File
[ sql ] [ DB ] CONNECT:[ UseTime:0.069004s ] mysql:dbname=wedding;host=139.199.97.249;port=3306;charset=utf8
[ sql ] [ SQL ] SHOW COLUMNS FROM `carousel` [ RunTime:0.023002s ]
[ sql ] [ SQL ] SELECT * FROM `carousel` WHERE  (  is_show=1 ) ORDER BY carousel_id  [ RunTime:0.044002s ]
[ sql ] [ DB ] CONNECT:[ UseTime:0.042003s ] mysql:dbname=wedding;host=139.199.97.249;port=3306;charset=utf8
[ sql ] [ SQL ] SHOW COLUMNS FROM `hotel` [ RunTime:0.035002s ]
[ sql ] [ SQL ] SELECT `id`,`hotel_name`,`hotel_img1` FROM `hotel` LIMIT 0,3   [ RunTime:0.027001s ]
[ sql ] [ DB ] CONNECT:[ UseTime:0.024002s ] mysql:dbname=wedding;host=139.199.97.249;port=3306;charset=utf8
[ sql ] [ SQL ] SHOW COLUMNS FROM `ph_business` [ RunTime:0.018001s ]
[ sql ] [ SQL ] SELECT `pbusinessId`,`pbusinessImg`,`pbusinessTitle` FROM `ph_business` LIMIT 0,3   [ RunTime:0.021001s ]
[ sql ] [ DB ] CONNECT:[ UseTime:0.036002s ] mysql:dbname=wedding;host=139.199.97.249;port=3306;charset=utf8
[ sql ] [ SQL ] SHOW COLUMNS FROM `wedding_miyue` [ RunTime:0.023001s ]
[ sql ] [ SQL ] SELECT `miyue_id`,`url`,`address` FROM `wedding_miyue` LIMIT 0,3   [ RunTime:0.026002s ]
[ sql ] [ DB ] CONNECT:[ UseTime:0.045003s ] mysql:dbname=wedding;host=139.199.97.249;port=3306;charset=utf8
[ sql ] [ SQL ] SHOW COLUMNS FROM `car` [ RunTime:0.040002s ]
[ sql ] [ SQL ] SELECT `car_id`,`car_name`,`car_img` FROM `car` LIMIT 0,3   [ RunTime:0.039002s ]
[ sql ] [ DB ] CONNECT:[ UseTime:0.290017s ] mysql:dbname=wedding;host=139.199.97.249;port=3306;charset=utf8
[ sql ] [ SQL ] SELECT `id`,`hotel_name`,`hotel_img1` FROM `hotel` LIMIT 0,10   [ RunTime:0.034002s ]
[ sql ] [ DB ] CONNECT:[ UseTime:0.238014s ] mysql:dbname=wedding;host=139.199.97.249;port=3306;charset=utf8
[ sql ] [ SQL ] SELECT `pbusinessId`,`pbusinessImg`,`pbusinessTitle` FROM `ph_business` LIMIT 0,10   [ RunTime:0.020001s ]
[ sql ] [ DB ] CONNECT:[ UseTime:0.216012s ] mysql:dbname=wedding;host=139.199.97.249;port=3306;charset=utf8
[ sql ] [ SQL ] SELECT `miyue_id`,`url`,`address` FROM `wedding_miyue` LIMIT 0,10   [ RunTime:0.033002s ]
[ sql ] [ DB ] CONNECT:[ UseTime:0.051003s ] mysql:dbname=wedding;host=139.199.97.249;port=3306;charset=utf8
[ sql ] [ SQL ] SELECT `car_id`,`car_name`,`car_salary`,`car_img` FROM `car` LIMIT 0,3   [ RunTime:0.035002s ]

---------------------------------------------------------------
[ 2017-05-02T20:21:09+08:00 ] 127.0.0.1 127.0.0.1 GET /new/wuzu/tp5/public/images/b1b5330ac05eb6d9cfd0a4fbf94b9f35.png
[ log ] 127.0.0.1/new/wuzu/tp5/public/images/b1b5330ac05eb6d9cfd0a4fbf94b9f35.png [运行时间：0.047003s][吞吐率：21.28req/s] [内存消耗：1,303.47kb] [文件加载：38]
[ info ] [ ROUTE ] array (
  'type' => 'module',
  'module' => 
  array (
    0 => 'new',
    1 => 'wuzu',
    2 => 'tp5',
  ),
)
[ info ] [ HEADER ] array (
  'host' => '127.0.0.1',
  'user-agent' => 'Mozilla/5.0 (Windows NT 6.1; WOW64; rv:53.0) Gecko/20100101 Firefox/53.0',
  'accept' => '*/*',
  'accept-language' => 'zh-CN,zh;q=0.8,en-US;q=0.5,en;q=0.3',
  'accept-encoding' => 'gzip, deflate',
  'referer' => 'http://127.0.0.1/new/wuzu/tp5/public/css/index-w.css',
  'cookie' => 'Hm_lvt_b3a3fc356d0af38b811a0ef8d50716b8=1491044406; userInfoaccountclouds=1; Hm_lvt_1d2519efe52fbcddc471e1b2ee80eb9e=1492998958,1493082540,1493168890,1493725117; Hm_lvt_96c5dc397e46524e7d236e225f0e3cfe=1493004947; ECSCP_ID=3c7146952bbde4a6c9eff27a9d7d328983abf485; think_var=zh-cn; Hm_lpvt_1d2519efe52fbcddc471e1b2ee80eb9e=1493727664; PHPSESSID=3qf8b8c65dg1dajnmrg1n7q5f0',
  'connection' => 'keep-alive',
)
[ info ] [ PARAM ] array (
  '/images/b1b5330ac05eb6d9cfd0a4fbf94b9f35_png' => '',
  'public' => 'images',
)
[ info ] [ LANG ] D:\phpStudy\WWW\php\new\wuzu\tp5\framework\lang\zh-cn.php
[ info ] [ LOG ] INIT File

---------------------------------------------------------------
[ 2017-05-02T20:21:10+08:00 ] 127.0.0.1 127.0.0.1 GET /new/wuzu/tp5/public/images/1c58d343375cb934c75eee3c08b533c7.png
[ log ] 127.0.0.1/new/wuzu/tp5/public/images/1c58d343375cb934c75eee3c08b533c7.png [运行时间：0.117007s][吞吐率：8.55req/s] [内存消耗：1,303.47kb] [文件加载：38]
[ info ] [ ROUTE ] array (
  'type' => 'module',
  'module' => 
  array (
    0 => 'new',
    1 => 'wuzu',
    2 => 'tp5',
  ),
)
[ info ] [ HEADER ] array (
  'host' => '127.0.0.1',
  'user-agent' => 'Mozilla/5.0 (Windows NT 6.1; WOW64; rv:53.0) Gecko/20100101 Firefox/53.0',
  'accept' => '*/*',
  'accept-language' => 'zh-CN,zh;q=0.8,en-US;q=0.5,en;q=0.3',
  'accept-encoding' => 'gzip, deflate',
  'referer' => 'http://127.0.0.1/new/wuzu/tp5/public/css/index-w.css',
  'cookie' => 'Hm_lvt_b3a3fc356d0af38b811a0ef8d50716b8=1491044406; userInfoaccountclouds=1; Hm_lvt_1d2519efe52fbcddc471e1b2ee80eb9e=1492998958,1493082540,1493168890,1493725117; Hm_lvt_96c5dc397e46524e7d236e225f0e3cfe=1493004947; ECSCP_ID=3c7146952bbde4a6c9eff27a9d7d328983abf485; think_var=zh-cn; Hm_lpvt_1d2519efe52fbcddc471e1b2ee80eb9e=1493727664; PHPSESSID=3qf8b8c65dg1dajnmrg1n7q5f0',
  'connection' => 'keep-alive',
)
[ info ] [ PARAM ] array (
  '/images/1c58d343375cb934c75eee3c08b533c7_png' => '',
  'public' => 'images',
)
[ info ] [ LANG ] D:\phpStudy\WWW\php\new\wuzu\tp5\framework\lang\zh-cn.php
[ info ] [ LOG ] INIT File

---------------------------------------------------------------
[ 2017-05-02T20:21:10+08:00 ] 127.0.0.1 127.0.0.1 GET /new/wuzu/tp5/public/images/3da56b06895ac969ee4aab7ff059f590.gif
[ log ] 127.0.0.1/new/wuzu/tp5/public/images/3da56b06895ac969ee4aab7ff059f590.gif [运行时间：0.087005s][吞吐率：11.49req/s] [内存消耗：1,303.47kb] [文件加载：38]
[ info ] [ ROUTE ] array (
  'type' => 'module',
  'module' => 
  array (
    0 => 'new',
    1 => 'wuzu',
    2 => 'tp5',
  ),
)
[ info ] [ HEADER ] array (
  'host' => '127.0.0.1',
  'user-agent' => 'Mozilla/5.0 (Windows NT 6.1; WOW64; rv:53.0) Gecko/20100101 Firefox/53.0',
  'accept' => '*/*',
  'accept-language' => 'zh-CN,zh;q=0.8,en-US;q=0.5,en;q=0.3',
  'accept-encoding' => 'gzip, deflate',
  'referer' => 'http://127.0.0.1/new/wuzu/tp5/public/css/index-w.css',
  'cookie' => 'Hm_lvt_b3a3fc356d0af38b811a0ef8d50716b8=1491044406; userInfoaccountclouds=1; Hm_lvt_1d2519efe52fbcddc471e1b2ee80eb9e=1492998958,1493082540,1493168890,1493725117; Hm_lvt_96c5dc397e46524e7d236e225f0e3cfe=1493004947; ECSCP_ID=3c7146952bbde4a6c9eff27a9d7d328983abf485; think_var=zh-cn; Hm_lpvt_1d2519efe52fbcddc471e1b2ee80eb9e=1493727664; PHPSESSID=3qf8b8c65dg1dajnmrg1n7q5f0',
  'connection' => 'keep-alive',
)
[ info ] [ PARAM ] array (
  '/images/3da56b06895ac969ee4aab7ff059f590_gif' => '',
  'public' => 'images',
)
[ info ] [ LANG ] D:\phpStudy\WWW\php\new\wuzu\tp5\framework\lang\zh-cn.php
[ info ] [ LOG ] INIT File

---------------------------------------------------------------
[ 2017-05-02T20:21:13+08:00 ] 127.0.0.1 127.0.0.1 GET /new/wuzu/tp5/public/images/c4b6f429ea6272c39fb395400ddba55a.png
[ log ] 127.0.0.1/new/wuzu/tp5/public/images/c4b6f429ea6272c39fb395400ddba55a.png [运行时间：0.076004s][吞吐率：13.16req/s] [内存消耗：1,303.47kb] [文件加载：38]
[ info ] [ ROUTE ] array (
  'type' => 'module',
  'module' => 
  array (
    0 => 'new',
    1 => 'wuzu',
    2 => 'tp5',
  ),
)
[ info ] [ HEADER ] array (
  'host' => '127.0.0.1',
  'user-agent' => 'Mozilla/5.0 (Windows NT 6.1; WOW64; rv:53.0) Gecko/20100101 Firefox/53.0',
  'accept' => '*/*',
  'accept-language' => 'zh-CN,zh;q=0.8,en-US;q=0.5,en;q=0.3',
  'accept-encoding' => 'gzip, deflate',
  'referer' => 'http://127.0.0.1/new/wuzu/tp5/public/css/index-w.css',
  'cookie' => 'Hm_lvt_b3a3fc356d0af38b811a0ef8d50716b8=1491044406; userInfoaccountclouds=1; Hm_lvt_1d2519efe52fbcddc471e1b2ee80eb9e=1492998958,1493082540,1493168890,1493725117; Hm_lvt_96c5dc397e46524e7d236e225f0e3cfe=1493004947; ECSCP_ID=3c7146952bbde4a6c9eff27a9d7d328983abf485; think_var=zh-cn; Hm_lpvt_1d2519efe52fbcddc471e1b2ee80eb9e=1493727671; PHPSESSID=3qf8b8c65dg1dajnmrg1n7q5f0',
  'connection' => 'keep-alive',
)
[ info ] [ PARAM ] array (
  '/images/c4b6f429ea6272c39fb395400ddba55a_png' => '',
  'public' => 'images',
)
[ info ] [ LANG ] D:\phpStudy\WWW\php\new\wuzu\tp5\framework\lang\zh-cn.php
[ info ] [ LOG ] INIT File

---------------------------------------------------------------
[ 2017-05-02T20:21:24+08:00 ] 127.0.0.1 127.0.0.1 GET /new/wuzu/tp5/public/index.php/admin/index/index.html
[ log ] 127.0.0.1/new/wuzu/tp5/public/index.php/admin/index/index.html [运行时间：0.099006s][吞吐率：10.10req/s] [内存消耗：1,678.61kb] [文件加载：45]
[ info ] [ ROUTE ] array (
  'type' => 'module',
  'module' => 
  array (
    0 => 'admin',
    1 => 'index',
    2 => 'index',
  ),
)
[ info ] [ HEADER ] array (
  'host' => '127.0.0.1',
  'user-agent' => 'Mozilla/5.0 (Windows NT 6.1; WOW64; rv:53.0) Gecko/20100101 Firefox/53.0',
  'accept' => 'text/html,application/xhtml+xml,application/xml;q=0.9,*/*;q=0.8',
  'accept-language' => 'zh-CN,zh;q=0.8,en-US;q=0.5,en;q=0.3',
  'accept-encoding' => 'gzip, deflate',
  'cookie' => 'Hm_lvt_b3a3fc356d0af38b811a0ef8d50716b8=1491044406; userInfoaccountclouds=1; Hm_lvt_1d2519efe52fbcddc471e1b2ee80eb9e=1492998958,1493082540,1493168890,1493725117; Hm_lvt_96c5dc397e46524e7d236e225f0e3cfe=1493004947; ECSCP_ID=3c7146952bbde4a6c9eff27a9d7d328983abf485; think_var=zh-cn; Hm_lpvt_1d2519efe52fbcddc471e1b2ee80eb9e=1493727671; PHPSESSID=3qf8b8c65dg1dajnmrg1n7q5f0',
  'connection' => 'keep-alive',
  'upgrade-insecure-requests' => '1',
)
[ info ] [ PARAM ] array (
)
[ info ] [ SESSION ] INIT array (
  'id' => '',
  'var_session_id' => '',
  'prefix' => '',
  'type' => '',
  'auto_start' => true,
)
[ info ] [ RUN ] Method [ <user> public method index ] {
  @@ D:\phpStudy\WWW\php\new\wuzu\tp5\application\admin\controller\Index.php 7 - 9
}

[ info ] [ VIEW ] D:\phpStudy\WWW\php\new\wuzu\tp5\public/../application/admin\view\index\index.html [ array (
) ]
[ info ] [ LOG ] INIT File

---------------------------------------------------------------
[ 2017-05-02T20:21:25+08:00 ] 127.0.0.1 127.0.0.1 GET /new/wuzu/tp5/public/index.php/admin/index/head.html
[ log ] 127.0.0.1/new/wuzu/tp5/public/index.php/admin/index/head.html [运行时间：0.208012s][吞吐率：4.81req/s] [内存消耗：1,728.77kb] [文件加载：46]
[ info ] [ ROUTE ] array (
  'type' => 'module',
  'module' => 
  array (
    0 => 'admin',
    1 => 'index',
    2 => 'head',
  ),
)
[ info ] [ HEADER ] array (
  'host' => '127.0.0.1',
  'user-agent' => 'Mozilla/5.0 (Windows NT 6.1; WOW64; rv:53.0) Gecko/20100101 Firefox/53.0',
  'accept' => 'text/html,application/xhtml+xml,application/xml;q=0.9,*/*;q=0.8',
  'accept-language' => 'zh-CN,zh;q=0.8,en-US;q=0.5,en;q=0.3',
  'accept-encoding' => 'gzip, deflate',
  'referer' => 'http://127.0.0.1/new/wuzu/tp5/public/index.php/admin/index/index.html',
  'cookie' => 'Hm_lvt_b3a3fc356d0af38b811a0ef8d50716b8=1491044406; userInfoaccountclouds=1; Hm_lvt_1d2519efe52fbcddc471e1b2ee80eb9e=1492998958,1493082540,1493168890,1493725117; Hm_lvt_96c5dc397e46524e7d236e225f0e3cfe=1493004947; ECSCP_ID=3c7146952bbde4a6c9eff27a9d7d328983abf485; think_var=zh-cn; Hm_lpvt_1d2519efe52fbcddc471e1b2ee80eb9e=1493727671; PHPSESSID=3qf8b8c65dg1dajnmrg1n7q5f0',
  'connection' => 'keep-alive',
  'upgrade-insecure-requests' => '1',
)
[ info ] [ PARAM ] array (
)
[ info ] [ SESSION ] INIT array (
  'id' => '',
  'var_session_id' => '',
  'prefix' => '',
  'type' => '',
  'auto_start' => true,
)
[ info ] [ RUN ] Method [ <user> public method head ] {
  @@ D:\phpStudy\WWW\php\new\wuzu\tp5\application\admin\controller\Index.php 15 - 17
}

[ info ] [ VIEW ] D:\phpStudy\WWW\php\new\wuzu\tp5\public/../application/admin\view\index\head.html [ array (
) ]
[ info ] [ LOG ] INIT File

---------------------------------------------------------------
[ 2017-05-02T20:21:25+08:00 ] 127.0.0.1 127.0.0.1 GET /new/wuzu/tp5/public/index.php/admin/index/main.html
[ log ] 127.0.0.1/new/wuzu/tp5/public/index.php/admin/index/main.html [运行时间：0.202011s][吞吐率：4.95req/s] [内存消耗：1,678.23kb] [文件加载：45]
[ info ] [ ROUTE ] array (
  'type' => 'module',
  'module' => 
  array (
    0 => 'admin',
    1 => 'index',
    2 => 'main',
  ),
)
[ info ] [ HEADER ] array (
  'host' => '127.0.0.1',
  'user-agent' => 'Mozilla/5.0 (Windows NT 6.1; WOW64; rv:53.0) Gecko/20100101 Firefox/53.0',
  'accept' => 'text/html,application/xhtml+xml,application/xml;q=0.9,*/*;q=0.8',
  'accept-language' => 'zh-CN,zh;q=0.8,en-US;q=0.5,en;q=0.3',
  'accept-encoding' => 'gzip, deflate',
  'referer' => 'http://127.0.0.1/new/wuzu/tp5/public/index.php/admin/index/index.html',
  'cookie' => 'Hm_lvt_b3a3fc356d0af38b811a0ef8d50716b8=1491044406; userInfoaccountclouds=1; Hm_lvt_1d2519efe52fbcddc471e1b2ee80eb9e=1492998958,1493082540,1493168890,1493725117; Hm_lvt_96c5dc397e46524e7d236e225f0e3cfe=1493004947; ECSCP_ID=3c7146952bbde4a6c9eff27a9d7d328983abf485; think_var=zh-cn; Hm_lpvt_1d2519efe52fbcddc471e1b2ee80eb9e=1493727671; PHPSESSID=3qf8b8c65dg1dajnmrg1n7q5f0',
  'connection' => 'keep-alive',
  'upgrade-insecure-requests' => '1',
)
[ info ] [ PARAM ] array (
)
[ info ] [ SESSION ] INIT array (
  'id' => '',
  'var_session_id' => '',
  'prefix' => '',
  'type' => '',
  'auto_start' => true,
)
[ info ] [ RUN ] Method [ <user> public method main ] {
  @@ D:\phpStudy\WWW\php\new\wuzu\tp5\application\admin\controller\Index.php 20 - 22
}

[ info ] [ VIEW ] D:\phpStudy\WWW\php\new\wuzu\tp5\public/../application/admin\view\index\main.html [ array (
) ]
[ info ] [ LOG ] INIT File

---------------------------------------------------------------
[ 2017-05-02T20:21:25+08:00 ] 127.0.0.1 127.0.0.1 GET /new/wuzu/tp5/public/index.php/admin/index/left.html
[ log ] 127.0.0.1/new/wuzu/tp5/public/index.php/admin/index/left.html [运行时间：0.254015s][吞吐率：3.94req/s] [内存消耗：1,747.37kb] [文件加载：46]
[ info ] [ ROUTE ] array (
  'type' => 'module',
  'module' => 
  array (
    0 => 'admin',
    1 => 'index',
    2 => 'left',
  ),
)
[ info ] [ HEADER ] array (
  'host' => '127.0.0.1',
  'user-agent' => 'Mozilla/5.0 (Windows NT 6.1; WOW64; rv:53.0) Gecko/20100101 Firefox/53.0',
  'accept' => 'text/html,application/xhtml+xml,application/xml;q=0.9,*/*;q=0.8',
  'accept-language' => 'zh-CN,zh;q=0.8,en-US;q=0.5,en;q=0.3',
  'accept-encoding' => 'gzip, deflate',
  'referer' => 'http://127.0.0.1/new/wuzu/tp5/public/index.php/admin/index/index.html',
  'cookie' => 'Hm_lvt_b3a3fc356d0af38b811a0ef8d50716b8=1491044406; userInfoaccountclouds=1; Hm_lvt_1d2519efe52fbcddc471e1b2ee80eb9e=1492998958,1493082540,1493168890,1493725117; Hm_lvt_96c5dc397e46524e7d236e225f0e3cfe=1493004947; ECSCP_ID=3c7146952bbde4a6c9eff27a9d7d328983abf485; think_var=zh-cn; Hm_lpvt_1d2519efe52fbcddc471e1b2ee80eb9e=1493727671; PHPSESSID=3qf8b8c65dg1dajnmrg1n7q5f0',
  'connection' => 'keep-alive',
  'upgrade-insecure-requests' => '1',
)
[ info ] [ PARAM ] array (
)
[ info ] [ SESSION ] INIT array (
  'id' => '',
  'var_session_id' => '',
  'prefix' => '',
  'type' => '',
  'auto_start' => true,
)
[ info ] [ RUN ] Method [ <user> public method left ] {
  @@ D:\phpStudy\WWW\php\new\wuzu\tp5\application\admin\controller\Index.php 25 - 27
}

[ info ] [ VIEW ] D:\phpStudy\WWW\php\new\wuzu\tp5\public/../application/admin\view\index\left.html [ array (
) ]
[ info ] [ LOG ] INIT File

---------------------------------------------------------------
