[ 2017-05-03T09:45:29+08:00 ] 127.0.0.1 127.0.0.1 GET /daone/wed/wuzu/tp5/public/index.php/admin/index/index
[ log ] localhost/daone/wed/wuzu/tp5/public/index.php/admin/index/index [运行时间：0.163010s][吞吐率：6.13req/s] [内存消耗：1,585.47kb] [文件加载：45]
[ info ] [ ROUTE ] array (
  'type' => 'module',
  'module' => 
  array (
    0 => 'admin',
    1 => 'index',
    2 => 'index',
  ),
)
[ info ] [ HEADER ] array (
  'upgrade-insecure-requests' => '1',
  'connection' => 'close',
  'cookie' => 'pgv_pvi=4809710592; Hm_lvt_15577700f8ecddb1a927813c81166ade=1492049263,1492087761; Hm_lvt_1d2519efe52fbcddc471e1b2ee80eb9e=1493089378,1493098346,1493723001,1493774808; _ga=GA1.1.217790516.1492141880; 2.png=1; think_var=zh-cn; Hm_lpvt_1d2519efe52fbcddc471e1b2ee80eb9e=1493775739; PHPSESSID=h6m9u3ke6ovalischq5dm6rtk3',
  'accept-encoding' => 'gzip, deflate',
  'accept-language' => 'zh-CN,zh;q=0.8,en-US;q=0.5,en;q=0.3',
  'accept' => 'text/html,application/xhtml+xml,application/xml;q=0.9,*/*;q=0.8',
  'user-agent' => 'Mozilla/5.0 (Windows NT 6.1; rv:53.0) Gecko/20100101 Firefox/53.0',
  'host' => 'localhost',
)
[ info ] [ PARAM ] array (
)
[ info ] [ SESSION ] INIT array (
  'id' => '',
  'var_session_id' => '',
  'prefix' => '',
  'type' => '',
  'auto_start' => true,
)
[ info ] [ RUN ] Method [ <user> public method index ] {
  @@ F:\phpStudy\WWW\daone\wed\wuzu\tp5\application\admin\controller\Index.php 7 - 9
}

[ info ] [ VIEW ] F:\phpStudy\WWW\daone\wed\wuzu\tp5\public/../application/admin\view\index\index.html [ array (
) ]
[ info ] [ LOG ] INIT File

---------------------------------------------------------------
[ 2017-05-03T09:45:29+08:00 ] 127.0.0.1 127.0.0.1 GET /daone/wed/wuzu/tp5/public/index.php/admin/index/head.html
[ log ] localhost/daone/wed/wuzu/tp5/public/index.php/admin/index/head.html [运行时间：0.167010s][吞吐率：5.99req/s] [内存消耗：1,634.38kb] [文件加载：46]
[ info ] [ ROUTE ] array (
  'type' => 'module',
  'module' => 
  array (
    0 => 'admin',
    1 => 'index',
    2 => 'head',
  ),
)
[ info ] [ HEADER ] array (
  'upgrade-insecure-requests' => '1',
  'connection' => 'close',
  'cookie' => 'pgv_pvi=4809710592; Hm_lvt_15577700f8ecddb1a927813c81166ade=1492049263,1492087761; Hm_lvt_1d2519efe52fbcddc471e1b2ee80eb9e=1493089378,1493098346,1493723001,1493774808; _ga=GA1.1.217790516.1492141880; 2.png=1; think_var=zh-cn; Hm_lpvt_1d2519efe52fbcddc471e1b2ee80eb9e=1493775739; PHPSESSID=h6m9u3ke6ovalischq5dm6rtk3',
  'referer' => 'http://localhost/daone/wed/wuzu/tp5/public/index.php/admin/index/index',
  'accept-encoding' => 'gzip, deflate',
  'accept-language' => 'zh-CN,zh;q=0.8,en-US;q=0.5,en;q=0.3',
  'accept' => 'text/html,application/xhtml+xml,application/xml;q=0.9,*/*;q=0.8',
  'user-agent' => 'Mozilla/5.0 (Windows NT 6.1; rv:53.0) Gecko/20100101 Firefox/53.0',
  'host' => 'localhost',
)
[ info ] [ PARAM ] array (
)
[ info ] [ SESSION ] INIT array (
  'id' => '',
  'var_session_id' => '',
  'prefix' => '',
  'type' => '',
  'auto_start' => true,
)
[ info ] [ RUN ] Method [ <user> public method head ] {
  @@ F:\phpStudy\WWW\daone\wed\wuzu\tp5\application\admin\controller\Index.php 15 - 17
}

[ info ] [ VIEW ] F:\phpStudy\WWW\daone\wed\wuzu\tp5\public/../application/admin\view\index\head.html [ array (
) ]
[ info ] [ LOG ] INIT File

---------------------------------------------------------------
[ 2017-05-03T09:45:30+08:00 ] 127.0.0.1 127.0.0.1 GET /daone/wed/wuzu/tp5/public/index.php/admin/index/left.html
[ log ] localhost/daone/wed/wuzu/tp5/public/index.php/admin/index/left.html [运行时间：0.339019s][吞吐率：2.95req/s] [内存消耗：1,654.97kb] [文件加载：46]
[ info ] [ ROUTE ] array (
  'type' => 'module',
  'module' => 
  array (
    0 => 'admin',
    1 => 'index',
    2 => 'left',
  ),
)
[ info ] [ HEADER ] array (
  'upgrade-insecure-requests' => '1',
  'connection' => 'close',
  'cookie' => 'pgv_pvi=4809710592; Hm_lvt_15577700f8ecddb1a927813c81166ade=1492049263,1492087761; Hm_lvt_1d2519efe52fbcddc471e1b2ee80eb9e=1493089378,1493098346,1493723001,1493774808; _ga=GA1.1.217790516.1492141880; 2.png=1; think_var=zh-cn; Hm_lpvt_1d2519efe52fbcddc471e1b2ee80eb9e=1493775739; PHPSESSID=h6m9u3ke6ovalischq5dm6rtk3',
  'referer' => 'http://localhost/daone/wed/wuzu/tp5/public/index.php/admin/index/index',
  'accept-encoding' => 'gzip, deflate',
  'accept-language' => 'zh-CN,zh;q=0.8,en-US;q=0.5,en;q=0.3',
  'accept' => 'text/html,application/xhtml+xml,application/xml;q=0.9,*/*;q=0.8',
  'user-agent' => 'Mozilla/5.0 (Windows NT 6.1; rv:53.0) Gecko/20100101 Firefox/53.0',
  'host' => 'localhost',
)
[ info ] [ PARAM ] array (
)
[ info ] [ SESSION ] INIT array (
  'id' => '',
  'var_session_id' => '',
  'prefix' => '',
  'type' => '',
  'auto_start' => true,
)
[ info ] [ RUN ] Method [ <user> public method left ] {
  @@ F:\phpStudy\WWW\daone\wed\wuzu\tp5\application\admin\controller\Index.php 25 - 27
}

[ info ] [ VIEW ] F:\phpStudy\WWW\daone\wed\wuzu\tp5\public/../application/admin\view\index\left.html [ array (
) ]
[ info ] [ LOG ] INIT File

---------------------------------------------------------------
[ 2017-05-03T09:45:30+08:00 ] 127.0.0.1 127.0.0.1 GET /daone/wed/wuzu/tp5/public/index.php/admin/index/main.html
[ log ] localhost/daone/wed/wuzu/tp5/public/index.php/admin/index/main.html [运行时间：0.306017s][吞吐率：3.27req/s] [内存消耗：1,585.26kb] [文件加载：45]
[ info ] [ ROUTE ] array (
  'type' => 'module',
  'module' => 
  array (
    0 => 'admin',
    1 => 'index',
    2 => 'main',
  ),
)
[ info ] [ HEADER ] array (
  'upgrade-insecure-requests' => '1',
  'connection' => 'close',
  'cookie' => 'pgv_pvi=4809710592; Hm_lvt_15577700f8ecddb1a927813c81166ade=1492049263,1492087761; Hm_lvt_1d2519efe52fbcddc471e1b2ee80eb9e=1493089378,1493098346,1493723001,1493774808; _ga=GA1.1.217790516.1492141880; 2.png=1; think_var=zh-cn; Hm_lpvt_1d2519efe52fbcddc471e1b2ee80eb9e=1493775739; PHPSESSID=h6m9u3ke6ovalischq5dm6rtk3',
  'referer' => 'http://localhost/daone/wed/wuzu/tp5/public/index.php/admin/index/index',
  'accept-encoding' => 'gzip, deflate',
  'accept-language' => 'zh-CN,zh;q=0.8,en-US;q=0.5,en;q=0.3',
  'accept' => 'text/html,application/xhtml+xml,application/xml;q=0.9,*/*;q=0.8',
  'user-agent' => 'Mozilla/5.0 (Windows NT 6.1; rv:53.0) Gecko/20100101 Firefox/53.0',
  'host' => 'localhost',
)
[ info ] [ PARAM ] array (
)
[ info ] [ SESSION ] INIT array (
  'id' => '',
  'var_session_id' => '',
  'prefix' => '',
  'type' => '',
  'auto_start' => true,
)
[ info ] [ RUN ] Method [ <user> public method main ] {
  @@ F:\phpStudy\WWW\daone\wed\wuzu\tp5\application\admin\controller\Index.php 20 - 22
}

[ info ] [ VIEW ] F:\phpStudy\WWW\daone\wed\wuzu\tp5\public/../application/admin\view\index\main.html [ array (
) ]
[ info ] [ LOG ] INIT File

---------------------------------------------------------------
[ 2017-05-03T09:45:33+08:00 ] 127.0.0.1 127.0.0.1 GET /daone/wed/wuzu/tp5/public/index.php/admin/miyue/show.html
[ log ] localhost/daone/wed/wuzu/tp5/public/index.php/admin/miyue/show.html [运行时间：0.124007s][吞吐率：8.06req/s] [内存消耗：1,225.88kb] [文件加载：38]
[ info ] [ ROUTE ] array (
  'type' => 'module',
  'module' => 
  array (
    0 => 'admin',
    1 => 'miyue',
    2 => 'show',
  ),
)
[ info ] [ HEADER ] array (
  'upgrade-insecure-requests' => '1',
  'connection' => 'close',
  'cookie' => 'pgv_pvi=4809710592; Hm_lvt_15577700f8ecddb1a927813c81166ade=1492049263,1492087761; Hm_lvt_1d2519efe52fbcddc471e1b2ee80eb9e=1493089378,1493098346,1493723001,1493774808; _ga=GA1.1.217790516.1492141880; 2.png=1; think_var=zh-cn; Hm_lpvt_1d2519efe52fbcddc471e1b2ee80eb9e=1493775739; PHPSESSID=h6m9u3ke6ovalischq5dm6rtk3',
  'referer' => 'http://localhost/daone/wed/wuzu/tp5/public/index.php/admin/index/left.html',
  'accept-encoding' => 'gzip, deflate',
  'accept-language' => 'zh-CN,zh;q=0.8,en-US;q=0.5,en;q=0.3',
  'accept' => 'text/html,application/xhtml+xml,application/xml;q=0.9,*/*;q=0.8',
  'user-agent' => 'Mozilla/5.0 (Windows NT 6.1; rv:53.0) Gecko/20100101 Firefox/53.0',
  'host' => 'localhost',
)
[ info ] [ PARAM ] array (
)
[ info ] [ LANG ] F:\phpStudy\WWW\daone\wed\wuzu\tp5\framework\lang\zh-cn.php
[ info ] [ LOG ] INIT File

---------------------------------------------------------------
[ 2017-05-03T10:13:51+08:00 ] 127.0.0.1 127.0.0.1 GET /daone/wed/wuzu/tp5/public/index.php/admin/index/index
[ log ] localhost/daone/wed/wuzu/tp5/public/index.php/admin/index/index [运行时间：0.273016s][吞吐率：3.66req/s] [内存消耗：1,453.16kb] [文件加载：43]
[ info ] [ ROUTE ] array (
  'type' => 'module',
  'module' => 
  array (
    0 => 'admin',
    1 => 'index',
    2 => 'index',
  ),
)
[ info ] [ HEADER ] array (
  'cache-control' => 'max-age=0',
  'upgrade-insecure-requests' => '1',
  'connection' => 'close',
  'cookie' => 'pgv_pvi=4809710592; Hm_lvt_15577700f8ecddb1a927813c81166ade=1492049263,1492087761; Hm_lvt_1d2519efe52fbcddc471e1b2ee80eb9e=1493089378,1493098346,1493723001,1493774808; _ga=GA1.1.217790516.1492141880; 2.png=1; think_var=zh-cn; Hm_lpvt_1d2519efe52fbcddc471e1b2ee80eb9e=1493776008; PHPSESSID=h6m9u3ke6ovalischq5dm6rtk3',
  'accept-encoding' => 'gzip, deflate',
  'accept-language' => 'zh-CN,zh;q=0.8,en-US;q=0.5,en;q=0.3',
  'accept' => 'text/html,application/xhtml+xml,application/xml;q=0.9,*/*;q=0.8',
  'user-agent' => 'Mozilla/5.0 (Windows NT 6.1; rv:53.0) Gecko/20100101 Firefox/53.0',
  'host' => 'localhost',
)
[ info ] [ PARAM ] array (
)
[ info ] [ SESSION ] INIT array (
  'id' => '',
  'var_session_id' => '',
  'prefix' => '',
  'type' => '',
  'auto_start' => true,
)
[ info ] [ RUN ] Method [ <user> public method index ] {
  @@ F:\phpStudy\WWW\daone\wed\wuzu\tp5\application\admin\controller\Index.php 7 - 9
}

[ info ] [ VIEW ] F:\phpStudy\WWW\daone\wed\wuzu\tp5\public/../application/admin\view\index\index.html [ array (
) ]
[ info ] [ LOG ] INIT File

---------------------------------------------------------------
[ 2017-05-03T10:13:51+08:00 ] 127.0.0.1 127.0.0.1 GET /daone/wed/wuzu/tp5/public/index.php/admin/index/head.html
[ log ] localhost/daone/wed/wuzu/tp5/public/index.php/admin/index/head.html [运行时间：0.135008s][吞吐率：7.41req/s] [内存消耗：1,500.84kb] [文件加载：44]
[ info ] [ ROUTE ] array (
  'type' => 'module',
  'module' => 
  array (
    0 => 'admin',
    1 => 'index',
    2 => 'head',
  ),
)
[ info ] [ HEADER ] array (
  'upgrade-insecure-requests' => '1',
  'connection' => 'close',
  'cookie' => 'pgv_pvi=4809710592; Hm_lvt_15577700f8ecddb1a927813c81166ade=1492049263,1492087761; Hm_lvt_1d2519efe52fbcddc471e1b2ee80eb9e=1493089378,1493098346,1493723001,1493774808; _ga=GA1.1.217790516.1492141880; 2.png=1; think_var=zh-cn; Hm_lpvt_1d2519efe52fbcddc471e1b2ee80eb9e=1493776008; PHPSESSID=h6m9u3ke6ovalischq5dm6rtk3',
  'referer' => 'http://localhost/daone/wed/wuzu/tp5/public/index.php/admin/index/index',
  'accept-encoding' => 'gzip, deflate',
  'accept-language' => 'zh-CN,zh;q=0.8,en-US;q=0.5,en;q=0.3',
  'accept' => 'text/html,application/xhtml+xml,application/xml;q=0.9,*/*;q=0.8',
  'user-agent' => 'Mozilla/5.0 (Windows NT 6.1; rv:53.0) Gecko/20100101 Firefox/53.0',
  'host' => 'localhost',
)
[ info ] [ PARAM ] array (
)
[ info ] [ SESSION ] INIT array (
  'id' => '',
  'var_session_id' => '',
  'prefix' => '',
  'type' => '',
  'auto_start' => true,
)
[ info ] [ RUN ] Method [ <user> public method head ] {
  @@ F:\phpStudy\WWW\daone\wed\wuzu\tp5\application\admin\controller\Index.php 15 - 17
}

[ info ] [ VIEW ] F:\phpStudy\WWW\daone\wed\wuzu\tp5\public/../application/admin\view\index\head.html [ array (
) ]
[ info ] [ LOG ] INIT File

---------------------------------------------------------------
[ 2017-05-03T10:13:52+08:00 ] 127.0.0.1 127.0.0.1 GET /daone/wed/wuzu/tp5/public/index.php/admin/index/left.html
[ log ] localhost/daone/wed/wuzu/tp5/public/index.php/admin/index/left.html [运行时间：0.239014s][吞吐率：4.18req/s] [内存消耗：1,500.79kb] [文件加载：44]
[ info ] [ ROUTE ] array (
  'type' => 'module',
  'module' => 
  array (
    0 => 'admin',
    1 => 'index',
    2 => 'left',
  ),
)
[ info ] [ HEADER ] array (
  'upgrade-insecure-requests' => '1',
  'connection' => 'close',
  'cookie' => 'pgv_pvi=4809710592; Hm_lvt_15577700f8ecddb1a927813c81166ade=1492049263,1492087761; Hm_lvt_1d2519efe52fbcddc471e1b2ee80eb9e=1493089378,1493098346,1493723001,1493774808; _ga=GA1.1.217790516.1492141880; 2.png=1; think_var=zh-cn; Hm_lpvt_1d2519efe52fbcddc471e1b2ee80eb9e=1493776008; PHPSESSID=h6m9u3ke6ovalischq5dm6rtk3',
  'referer' => 'http://localhost/daone/wed/wuzu/tp5/public/index.php/admin/index/index',
  'accept-encoding' => 'gzip, deflate',
  'accept-language' => 'zh-CN,zh;q=0.8,en-US;q=0.5,en;q=0.3',
  'accept' => 'text/html,application/xhtml+xml,application/xml;q=0.9,*/*;q=0.8',
  'user-agent' => 'Mozilla/5.0 (Windows NT 6.1; rv:53.0) Gecko/20100101 Firefox/53.0',
  'host' => 'localhost',
)
[ info ] [ PARAM ] array (
)
[ info ] [ SESSION ] INIT array (
  'id' => '',
  'var_session_id' => '',
  'prefix' => '',
  'type' => '',
  'auto_start' => true,
)
[ info ] [ RUN ] Method [ <user> public method left ] {
  @@ F:\phpStudy\WWW\daone\wed\wuzu\tp5\application\admin\controller\Index.php 25 - 27
}

[ info ] [ VIEW ] F:\phpStudy\WWW\daone\wed\wuzu\tp5\public/../application/admin\view\index\left.html [ array (
) ]
[ info ] [ LOG ] INIT File

---------------------------------------------------------------
[ 2017-05-03T10:13:52+08:00 ] 127.0.0.1 127.0.0.1 GET /daone/wed/wuzu/tp5/public/index.php/admin/index/main.html
[ log ] localhost/daone/wed/wuzu/tp5/public/index.php/admin/index/main.html [运行时间：0.180011s][吞吐率：5.56req/s] [内存消耗：1,453.24kb] [文件加载：43]
[ info ] [ ROUTE ] array (
  'type' => 'module',
  'module' => 
  array (
    0 => 'admin',
    1 => 'index',
    2 => 'main',
  ),
)
[ info ] [ HEADER ] array (
  'upgrade-insecure-requests' => '1',
  'connection' => 'close',
  'cookie' => 'pgv_pvi=4809710592; Hm_lvt_15577700f8ecddb1a927813c81166ade=1492049263,1492087761; Hm_lvt_1d2519efe52fbcddc471e1b2ee80eb9e=1493089378,1493098346,1493723001,1493774808; _ga=GA1.1.217790516.1492141880; 2.png=1; think_var=zh-cn; Hm_lpvt_1d2519efe52fbcddc471e1b2ee80eb9e=1493776008; PHPSESSID=h6m9u3ke6ovalischq5dm6rtk3',
  'referer' => 'http://localhost/daone/wed/wuzu/tp5/public/index.php/admin/index/index',
  'accept-encoding' => 'gzip, deflate',
  'accept-language' => 'zh-CN,zh;q=0.8,en-US;q=0.5,en;q=0.3',
  'accept' => 'text/html,application/xhtml+xml,application/xml;q=0.9,*/*;q=0.8',
  'user-agent' => 'Mozilla/5.0 (Windows NT 6.1; rv:53.0) Gecko/20100101 Firefox/53.0',
  'host' => 'localhost',
)
[ info ] [ PARAM ] array (
)
[ info ] [ SESSION ] INIT array (
  'id' => '',
  'var_session_id' => '',
  'prefix' => '',
  'type' => '',
  'auto_start' => true,
)
[ info ] [ RUN ] Method [ <user> public method main ] {
  @@ F:\phpStudy\WWW\daone\wed\wuzu\tp5\application\admin\controller\Index.php 20 - 22
}

[ info ] [ VIEW ] F:\phpStudy\WWW\daone\wed\wuzu\tp5\public/../application/admin\view\index\main.html [ array (
) ]
[ info ] [ LOG ] INIT File

---------------------------------------------------------------
[ 2017-05-03T10:13:56+08:00 ] 127.0.0.1 127.0.0.1 GET /daone/wed/wuzu/tp5/public/index.php/admin/miyue/show.html
[ log ] localhost/daone/wed/wuzu/tp5/public/index.php/admin/miyue/show.html [运行时间：0.199011s][吞吐率：5.02req/s] [内存消耗：1,225.88kb] [文件加载：38]
[ info ] [ ROUTE ] array (
  'type' => 'module',
  'module' => 
  array (
    0 => 'admin',
    1 => 'miyue',
    2 => 'show',
  ),
)
[ info ] [ HEADER ] array (
  'upgrade-insecure-requests' => '1',
  'connection' => 'close',
  'cookie' => 'pgv_pvi=4809710592; Hm_lvt_15577700f8ecddb1a927813c81166ade=1492049263,1492087761; Hm_lvt_1d2519efe52fbcddc471e1b2ee80eb9e=1493089378,1493098346,1493723001,1493774808; _ga=GA1.1.217790516.1492141880; 2.png=1; think_var=zh-cn; Hm_lpvt_1d2519efe52fbcddc471e1b2ee80eb9e=1493776008; PHPSESSID=h6m9u3ke6ovalischq5dm6rtk3',
  'referer' => 'http://localhost/daone/wed/wuzu/tp5/public/index.php/admin/index/left.html',
  'accept-encoding' => 'gzip, deflate',
  'accept-language' => 'zh-CN,zh;q=0.8,en-US;q=0.5,en;q=0.3',
  'accept' => 'text/html,application/xhtml+xml,application/xml;q=0.9,*/*;q=0.8',
  'user-agent' => 'Mozilla/5.0 (Windows NT 6.1; rv:53.0) Gecko/20100101 Firefox/53.0',
  'host' => 'localhost',
)
[ info ] [ PARAM ] array (
)
[ info ] [ LANG ] F:\phpStudy\WWW\daone\wed\wuzu\tp5\framework\lang\zh-cn.php
[ info ] [ LOG ] INIT File

---------------------------------------------------------------
[ 2017-05-03T10:48:51+08:00 ] 127.0.0.1 127.0.0.1 GET /daone/wed/wuzu/tp5/public/index.php/admin/index/index
[ log ] localhost/daone/wed/wuzu/tp5/public/index.php/admin/index/index [运行时间：0.681039s][吞吐率：1.47req/s] [内存消耗：1,453.04kb] [文件加载：43]
[ info ] [ ROUTE ] array (
  'type' => 'module',
  'module' => 
  array (
    0 => 'admin',
    1 => 'index',
    2 => 'index',
  ),
)
[ info ] [ HEADER ] array (
  'upgrade-insecure-requests' => '1',
  'connection' => 'close',
  'cookie' => 'pgv_pvi=4809710592; Hm_lvt_15577700f8ecddb1a927813c81166ade=1492049263,1492087761; Hm_lvt_1d2519efe52fbcddc471e1b2ee80eb9e=1493089378,1493098346,1493723001,1493774808; _ga=GA1.1.217790516.1492141880; 2.png=1; Hm_lpvt_1d2519efe52fbcddc471e1b2ee80eb9e=1493776008; PHPSESSID=h6m9u3ke6ovalischq5dm6rtk3',
  'accept-encoding' => 'gzip, deflate',
  'accept-language' => 'zh-CN,zh;q=0.8,en-US;q=0.5,en;q=0.3',
  'accept' => 'text/html,application/xhtml+xml,application/xml;q=0.9,*/*;q=0.8',
  'user-agent' => 'Mozilla/5.0 (Windows NT 6.1; rv:53.0) Gecko/20100101 Firefox/53.0',
  'host' => 'localhost',
)
[ info ] [ PARAM ] array (
)
[ info ] [ SESSION ] INIT array (
  'id' => '',
  'var_session_id' => '',
  'prefix' => '',
  'type' => '',
  'auto_start' => true,
)
[ info ] [ RUN ] Method [ <user> public method index ] {
  @@ F:\phpStudy\WWW\daone\wed\wuzu\tp5\application\admin\controller\Index.php 7 - 9
}

[ info ] [ VIEW ] F:\phpStudy\WWW\daone\wed\wuzu\tp5\public/../application/admin\view\index\index.html [ array (
) ]
[ info ] [ LOG ] INIT File

---------------------------------------------------------------
[ 2017-05-03T10:48:52+08:00 ] 127.0.0.1 127.0.0.1 GET /daone/wed/wuzu/tp5/public/index.php/admin/index/head.html
[ log ] localhost/daone/wed/wuzu/tp5/public/index.php/admin/index/head.html [运行时间：0.116007s][吞吐率：8.62req/s] [内存消耗：1,500.90kb] [文件加载：44]
[ info ] [ ROUTE ] array (
  'type' => 'module',
  'module' => 
  array (
    0 => 'admin',
    1 => 'index',
    2 => 'head',
  ),
)
[ info ] [ HEADER ] array (
  'upgrade-insecure-requests' => '1',
  'connection' => 'close',
  'cookie' => 'pgv_pvi=4809710592; Hm_lvt_15577700f8ecddb1a927813c81166ade=1492049263,1492087761; Hm_lvt_1d2519efe52fbcddc471e1b2ee80eb9e=1493089378,1493098346,1493723001,1493774808; _ga=GA1.1.217790516.1492141880; 2.png=1; Hm_lpvt_1d2519efe52fbcddc471e1b2ee80eb9e=1493776008; PHPSESSID=h6m9u3ke6ovalischq5dm6rtk3',
  'referer' => 'http://localhost/daone/wed/wuzu/tp5/public/index.php/admin/index/index',
  'accept-encoding' => 'gzip, deflate',
  'accept-language' => 'zh-CN,zh;q=0.8,en-US;q=0.5,en;q=0.3',
  'accept' => 'text/html,application/xhtml+xml,application/xml;q=0.9,*/*;q=0.8',
  'user-agent' => 'Mozilla/5.0 (Windows NT 6.1; rv:53.0) Gecko/20100101 Firefox/53.0',
  'host' => 'localhost',
)
[ info ] [ PARAM ] array (
)
[ info ] [ SESSION ] INIT array (
  'id' => '',
  'var_session_id' => '',
  'prefix' => '',
  'type' => '',
  'auto_start' => true,
)
[ info ] [ RUN ] Method [ <user> public method head ] {
  @@ F:\phpStudy\WWW\daone\wed\wuzu\tp5\application\admin\controller\Index.php 15 - 17
}

[ info ] [ VIEW ] F:\phpStudy\WWW\daone\wed\wuzu\tp5\public/../application/admin\view\index\head.html [ array (
) ]
[ info ] [ LOG ] INIT File

---------------------------------------------------------------
[ 2017-05-03T10:48:53+08:00 ] 127.0.0.1 127.0.0.1 GET /daone/wed/wuzu/tp5/public/index.php/admin/index/main.html
[ log ] localhost/daone/wed/wuzu/tp5/public/index.php/admin/index/main.html [运行时间：0.113007s][吞吐率：8.85req/s] [内存消耗：1,453.31kb] [文件加载：43]
[ info ] [ ROUTE ] array (
  'type' => 'module',
  'module' => 
  array (
    0 => 'admin',
    1 => 'index',
    2 => 'main',
  ),
)
[ info ] [ HEADER ] array (
  'upgrade-insecure-requests' => '1',
  'connection' => 'close',
  'cookie' => 'pgv_pvi=4809710592; Hm_lvt_15577700f8ecddb1a927813c81166ade=1492049263,1492087761; Hm_lvt_1d2519efe52fbcddc471e1b2ee80eb9e=1493089378,1493098346,1493723001,1493774808; _ga=GA1.1.217790516.1492141880; 2.png=1; Hm_lpvt_1d2519efe52fbcddc471e1b2ee80eb9e=1493776008; PHPSESSID=h6m9u3ke6ovalischq5dm6rtk3',
  'referer' => 'http://localhost/daone/wed/wuzu/tp5/public/index.php/admin/index/index',
  'accept-encoding' => 'gzip, deflate',
  'accept-language' => 'zh-CN,zh;q=0.8,en-US;q=0.5,en;q=0.3',
  'accept' => 'text/html,application/xhtml+xml,application/xml;q=0.9,*/*;q=0.8',
  'user-agent' => 'Mozilla/5.0 (Windows NT 6.1; rv:53.0) Gecko/20100101 Firefox/53.0',
  'host' => 'localhost',
)
[ info ] [ PARAM ] array (
)
[ info ] [ SESSION ] INIT array (
  'id' => '',
  'var_session_id' => '',
  'prefix' => '',
  'type' => '',
  'auto_start' => true,
)
[ info ] [ RUN ] Method [ <user> public method main ] {
  @@ F:\phpStudy\WWW\daone\wed\wuzu\tp5\application\admin\controller\Index.php 20 - 22
}

[ info ] [ VIEW ] F:\phpStudy\WWW\daone\wed\wuzu\tp5\public/../application/admin\view\index\main.html [ array (
) ]
[ info ] [ LOG ] INIT File

---------------------------------------------------------------
[ 2017-05-03T10:48:53+08:00 ] 127.0.0.1 127.0.0.1 GET /daone/wed/wuzu/tp5/public/index.php/admin/index/left.html
[ log ] localhost/daone/wed/wuzu/tp5/public/index.php/admin/index/left.html [运行时间：0.243014s][吞吐率：4.11req/s] [内存消耗：1,500.73kb] [文件加载：44]
[ info ] [ ROUTE ] array (
  'type' => 'module',
  'module' => 
  array (
    0 => 'admin',
    1 => 'index',
    2 => 'left',
  ),
)
[ info ] [ HEADER ] array (
  'upgrade-insecure-requests' => '1',
  'connection' => 'close',
  'cookie' => 'pgv_pvi=4809710592; Hm_lvt_15577700f8ecddb1a927813c81166ade=1492049263,1492087761; Hm_lvt_1d2519efe52fbcddc471e1b2ee80eb9e=1493089378,1493098346,1493723001,1493774808; _ga=GA1.1.217790516.1492141880; 2.png=1; Hm_lpvt_1d2519efe52fbcddc471e1b2ee80eb9e=1493776008; PHPSESSID=h6m9u3ke6ovalischq5dm6rtk3',
  'referer' => 'http://localhost/daone/wed/wuzu/tp5/public/index.php/admin/index/index',
  'accept-encoding' => 'gzip, deflate',
  'accept-language' => 'zh-CN,zh;q=0.8,en-US;q=0.5,en;q=0.3',
  'accept' => 'text/html,application/xhtml+xml,application/xml;q=0.9,*/*;q=0.8',
  'user-agent' => 'Mozilla/5.0 (Windows NT 6.1; rv:53.0) Gecko/20100101 Firefox/53.0',
  'host' => 'localhost',
)
[ info ] [ PARAM ] array (
)
[ info ] [ SESSION ] INIT array (
  'id' => '',
  'var_session_id' => '',
  'prefix' => '',
  'type' => '',
  'auto_start' => true,
)
[ info ] [ RUN ] Method [ <user> public method left ] {
  @@ F:\phpStudy\WWW\daone\wed\wuzu\tp5\application\admin\controller\Index.php 25 - 27
}

[ info ] [ VIEW ] F:\phpStudy\WWW\daone\wed\wuzu\tp5\public/../application/admin\view\index\left.html [ array (
) ]
[ info ] [ LOG ] INIT File

---------------------------------------------------------------
[ 2017-05-03T10:48:56+08:00 ] 127.0.0.1 127.0.0.1 GET /daone/wed/wuzu/tp5/public/index.php/admin/miyue/show.html
[ log ] localhost/daone/wed/wuzu/tp5/public/index.php/admin/miyue/show.html [运行时间：0.269016s][吞吐率：3.72req/s] [内存消耗：1,226.77kb] [文件加载：38]
[ info ] [ ROUTE ] array (
  'type' => 'module',
  'module' => 
  array (
    0 => 'admin',
    1 => 'miyue',
    2 => 'show',
  ),
)
[ info ] [ HEADER ] array (
  'upgrade-insecure-requests' => '1',
  'connection' => 'close',
  'cookie' => 'pgv_pvi=4809710592; Hm_lvt_15577700f8ecddb1a927813c81166ade=1492049263,1492087761; Hm_lvt_1d2519efe52fbcddc471e1b2ee80eb9e=1493089378,1493098346,1493723001,1493774808; _ga=GA1.1.217790516.1492141880; 2.png=1; Hm_lpvt_1d2519efe52fbcddc471e1b2ee80eb9e=1493776008; PHPSESSID=h6m9u3ke6ovalischq5dm6rtk3',
  'referer' => 'http://localhost/daone/wed/wuzu/tp5/public/index.php/admin/index/left.html',
  'accept-encoding' => 'gzip, deflate',
  'accept-language' => 'zh-CN,zh;q=0.8,en-US;q=0.5,en;q=0.3',
  'accept' => 'text/html,application/xhtml+xml,application/xml;q=0.9,*/*;q=0.8',
  'user-agent' => 'Mozilla/5.0 (Windows NT 6.1; rv:53.0) Gecko/20100101 Firefox/53.0',
  'host' => 'localhost',
)
[ info ] [ PARAM ] array (
)
[ info ] [ LANG ] F:\phpStudy\WWW\daone\wed\wuzu\tp5\framework\lang\zh-cn.php
[ info ] [ LOG ] INIT File

---------------------------------------------------------------
[ 2017-05-03T10:53:21+08:00 ] 127.0.0.1 127.0.0.1 GET /daone/wed/wuzu/tp5/public/index.php/home/index/index
[ log ] localhost/daone/wed/wuzu/tp5/public/index.php/home/index/index [运行时间：3.872221s][吞吐率：0.26req/s] [内存消耗：2,522.26kb] [文件加载：55]
[ info ] [ ROUTE ] array (
  'type' => 'module',
  'module' => 
  array (
    0 => 'home',
    1 => 'index',
    2 => 'index',
  ),
)
[ info ] [ HEADER ] array (
  'upgrade-insecure-requests' => '1',
  'connection' => 'close',
  'cookie' => 'pgv_pvi=4809710592; Hm_lvt_15577700f8ecddb1a927813c81166ade=1492049263,1492087761; Hm_lvt_1d2519efe52fbcddc471e1b2ee80eb9e=1493089378,1493098346,1493723001,1493774808; _ga=GA1.1.217790516.1492141880; 2.png=1; Hm_lpvt_1d2519efe52fbcddc471e1b2ee80eb9e=1493779833; PHPSESSID=h6m9u3ke6ovalischq5dm6rtk3; think_var=zh-cn',
  'accept-encoding' => 'gzip, deflate',
  'accept-language' => 'zh-CN,zh;q=0.8,en-US;q=0.5,en;q=0.3',
  'accept' => 'text/html,application/xhtml+xml,application/xml;q=0.9,*/*;q=0.8',
  'user-agent' => 'Mozilla/5.0 (Windows NT 6.1; rv:53.0) Gecko/20100101 Firefox/53.0',
  'host' => 'localhost',
)
[ info ] [ PARAM ] array (
)
[ info ] [ RUN ] Method [ <user> public method index ] {
  @@ F:\phpStudy\WWW\daone\wed\wuzu\tp5\application\home\controller\Index.php 7 - 50
}

[ info ] [ DB ] INIT mysql
[ info ] [ CACHE ] INIT File
[ info ] [ DB ] INIT mysql
[ info ] [ DB ] INIT mysql
[ info ] [ DB ] INIT mysql
[ info ] [ DB ] INIT mysql
[ info ] [ DB ] INIT mysql
[ info ] [ DB ] INIT mysql
[ info ] [ DB ] INIT mysql
[ info ] [ DB ] INIT mysql
[ info ] [ VIEW ] F:\phpStudy\WWW\daone\wed\wuzu\tp5\public/../application/home\view\index\index.html [ array (
  0 => 'lun',
  1 => 'hunyan',
  2 => 'hunsha',
  3 => 'miyue',
  4 => 'hunce',
  5 => 'hunyans',
  6 => 'hunshas',
  7 => 'miyues',
  8 => 'hunces',
) ]
[ info ] [ LOG ] INIT File
[ sql ] [ DB ] CONNECT:[ UseTime:0.035002s ] mysql:dbname=wedding;host=139.199.97.249;port=3306;charset=utf8
[ sql ] [ SQL ] SHOW COLUMNS FROM `carousel` [ RunTime:0.027002s ]
[ sql ] [ SQL ] SELECT * FROM `carousel` WHERE  (  is_show=1 ) ORDER BY carousel_id  [ RunTime:0.027002s ]
[ sql ] [ DB ] CONNECT:[ UseTime:0.039002s ] mysql:dbname=wedding;host=139.199.97.249;port=3306;charset=utf8
[ sql ] [ SQL ] SHOW COLUMNS FROM `hotel` [ RunTime:0.022001s ]
[ sql ] [ SQL ] SELECT `id`,`hotel_name`,`hotel_img1` FROM `hotel` LIMIT 0,3   [ RunTime:0.234013s ]
[ sql ] [ DB ] CONNECT:[ UseTime:0.041002s ] mysql:dbname=wedding;host=139.199.97.249;port=3306;charset=utf8
[ sql ] [ SQL ] SHOW COLUMNS FROM `ph_business` [ RunTime:0.029002s ]
[ sql ] [ SQL ] SELECT `pbusinessId`,`pbusinessImg`,`pbusinessTitle` FROM `ph_business` LIMIT 0,3   [ RunTime:0.026002s ]
[ sql ] [ DB ] CONNECT:[ UseTime:0.042003s ] mysql:dbname=wedding;host=139.199.97.249;port=3306;charset=utf8
[ sql ] [ SQL ] SHOW COLUMNS FROM `wedding_miyue` [ RunTime:0.024001s ]
[ sql ] [ SQL ] SELECT `miyue_id`,`url`,`address` FROM `wedding_miyue` LIMIT 0,3   [ RunTime:0.034002s ]
[ sql ] [ DB ] CONNECT:[ UseTime:0.272016s ] mysql:dbname=wedding;host=139.199.97.249;port=3306;charset=utf8
[ sql ] [ SQL ] SHOW COLUMNS FROM `car` [ RunTime:0.209012s ]
[ sql ] [ SQL ] SELECT `car_id`,`car_name`,`car_img` FROM `car` LIMIT 0,3   [ RunTime:0.215012s ]
[ sql ] [ DB ] CONNECT:[ UseTime:0.448026s ] mysql:dbname=wedding;host=139.199.97.249;port=3306;charset=utf8
[ sql ] [ SQL ] SELECT `id`,`hotel_name`,`hotel_img1` FROM `hotel` LIMIT 0,10   [ RunTime:0.267015s ]
[ sql ] [ DB ] CONNECT:[ UseTime:0.425024s ] mysql:dbname=wedding;host=139.199.97.249;port=3306;charset=utf8
[ sql ] [ SQL ] SELECT `pbusinessId`,`pbusinessImg`,`pbusinessTitle` FROM `ph_business` LIMIT 0,10   [ RunTime:0.667039s ]
[ sql ] [ DB ] CONNECT:[ UseTime:0.038003s ] mysql:dbname=wedding;host=139.199.97.249;port=3306;charset=utf8
[ sql ] [ SQL ] SELECT `miyue_id`,`url`,`address` FROM `wedding_miyue` LIMIT 0,10   [ RunTime:0.037002s ]
[ sql ] [ DB ] CONNECT:[ UseTime:0.031001s ] mysql:dbname=wedding;host=139.199.97.249;port=3306;charset=utf8
[ sql ] [ SQL ] SELECT `car_id`,`car_name`,`car_salary`,`car_img` FROM `car` LIMIT 0,3   [ RunTime:0.022002s ]

---------------------------------------------------------------
[ 2017-05-03T10:53:22+08:00 ] 127.0.0.1 127.0.0.1 GET /daone/wed/wuzu/tp5/public/images/b1b5330ac05eb6d9cfd0a4fbf94b9f35.png
[ log ] localhost/daone/wed/wuzu/tp5/public/images/b1b5330ac05eb6d9cfd0a4fbf94b9f35.png [运行时间：0.398023s][吞吐率：2.51req/s] [内存消耗：1,228.81kb] [文件加载：38]
[ info ] [ ROUTE ] array (
  'type' => 'module',
  'module' => 
  array (
    0 => 'daone',
    1 => 'wed',
    2 => 'wuzu',
  ),
)
[ info ] [ HEADER ] array (
  'connection' => 'close',
  'cookie' => 'pgv_pvi=4809710592; Hm_lvt_15577700f8ecddb1a927813c81166ade=1492049263,1492087761; Hm_lvt_1d2519efe52fbcddc471e1b2ee80eb9e=1493089378,1493098346,1493723001,1493774808; _ga=GA1.1.217790516.1492141880; 2.png=1; Hm_lpvt_1d2519efe52fbcddc471e1b2ee80eb9e=1493779833; PHPSESSID=h6m9u3ke6ovalischq5dm6rtk3; think_var=zh-cn',
  'referer' => 'http://localhost/daone/wed/wuzu/tp5/public/css/index-w.css',
  'accept-encoding' => 'gzip, deflate',
  'accept-language' => 'zh-CN,zh;q=0.8,en-US;q=0.5,en;q=0.3',
  'accept' => '*/*',
  'user-agent' => 'Mozilla/5.0 (Windows NT 6.1; rv:53.0) Gecko/20100101 Firefox/53.0',
  'host' => 'localhost',
)
[ info ] [ PARAM ] array (
  '/images/b1b5330ac05eb6d9cfd0a4fbf94b9f35_png' => '',
  'tp5' => 'public',
  'images' => 'b1b5330ac05eb6d9cfd0a4fbf94b9f35.png',
)
[ info ] [ LANG ] F:\phpStudy\WWW\daone\wed\wuzu\tp5\framework\lang\zh-cn.php
[ info ] [ LOG ] INIT File

---------------------------------------------------------------
[ 2017-05-03T10:53:22+08:00 ] 127.0.0.1 127.0.0.1 GET /daone/wed/wuzu/tp5/public/images/1c58d343375cb934c75eee3c08b533c7.png
[ log ] localhost/daone/wed/wuzu/tp5/public/images/1c58d343375cb934c75eee3c08b533c7.png [运行时间：0.167009s][吞吐率：5.99req/s] [内存消耗：1,228.81kb] [文件加载：38]
[ info ] [ ROUTE ] array (
  'type' => 'module',
  'module' => 
  array (
    0 => 'daone',
    1 => 'wed',
    2 => 'wuzu',
  ),
)
[ info ] [ HEADER ] array (
  'connection' => 'close',
  'cookie' => 'pgv_pvi=4809710592; Hm_lvt_15577700f8ecddb1a927813c81166ade=1492049263,1492087761; Hm_lvt_1d2519efe52fbcddc471e1b2ee80eb9e=1493089378,1493098346,1493723001,1493774808; _ga=GA1.1.217790516.1492141880; 2.png=1; Hm_lpvt_1d2519efe52fbcddc471e1b2ee80eb9e=1493779833; PHPSESSID=h6m9u3ke6ovalischq5dm6rtk3; think_var=zh-cn',
  'referer' => 'http://localhost/daone/wed/wuzu/tp5/public/css/index-w.css',
  'accept-encoding' => 'gzip, deflate',
  'accept-language' => 'zh-CN,zh;q=0.8,en-US;q=0.5,en;q=0.3',
  'accept' => '*/*',
  'user-agent' => 'Mozilla/5.0 (Windows NT 6.1; rv:53.0) Gecko/20100101 Firefox/53.0',
  'host' => 'localhost',
)
[ info ] [ PARAM ] array (
  '/images/1c58d343375cb934c75eee3c08b533c7_png' => '',
  'tp5' => 'public',
  'images' => '1c58d343375cb934c75eee3c08b533c7.png',
)
[ info ] [ LANG ] F:\phpStudy\WWW\daone\wed\wuzu\tp5\framework\lang\zh-cn.php
[ info ] [ LOG ] INIT File

---------------------------------------------------------------
[ 2017-05-03T10:53:22+08:00 ] 127.0.0.1 127.0.0.1 GET /daone/wed/wuzu/tp5/public/images/3da56b06895ac969ee4aab7ff059f590.gif
[ log ] localhost/daone/wed/wuzu/tp5/public/images/3da56b06895ac969ee4aab7ff059f590.gif [运行时间：0.191011s][吞吐率：5.24req/s] [内存消耗：1,228.81kb] [文件加载：38]
[ info ] [ ROUTE ] array (
  'type' => 'module',
  'module' => 
  array (
    0 => 'daone',
    1 => 'wed',
    2 => 'wuzu',
  ),
)
[ info ] [ HEADER ] array (
  'connection' => 'close',
  'cookie' => 'pgv_pvi=4809710592; Hm_lvt_15577700f8ecddb1a927813c81166ade=1492049263,1492087761; Hm_lvt_1d2519efe52fbcddc471e1b2ee80eb9e=1493089378,1493098346,1493723001,1493774808; _ga=GA1.1.217790516.1492141880; 2.png=1; Hm_lpvt_1d2519efe52fbcddc471e1b2ee80eb9e=1493779833; PHPSESSID=h6m9u3ke6ovalischq5dm6rtk3; think_var=zh-cn',
  'referer' => 'http://localhost/daone/wed/wuzu/tp5/public/css/index-w.css',
  'accept-encoding' => 'gzip, deflate',
  'accept-language' => 'zh-CN,zh;q=0.8,en-US;q=0.5,en;q=0.3',
  'accept' => '*/*',
  'user-agent' => 'Mozilla/5.0 (Windows NT 6.1; rv:53.0) Gecko/20100101 Firefox/53.0',
  'host' => 'localhost',
)
[ info ] [ PARAM ] array (
  '/images/3da56b06895ac969ee4aab7ff059f590_gif' => '',
  'tp5' => 'public',
  'images' => '3da56b06895ac969ee4aab7ff059f590.gif',
)
[ info ] [ LANG ] F:\phpStudy\WWW\daone\wed\wuzu\tp5\framework\lang\zh-cn.php
[ info ] [ LOG ] INIT File

---------------------------------------------------------------
[ 2017-05-03T10:53:24+08:00 ] 127.0.0.1 127.0.0.1 GET /daone/wed/wuzu/tp5/public/images/c4b6f429ea6272c39fb395400ddba55a.png
[ log ] localhost/daone/wed/wuzu/tp5/public/images/c4b6f429ea6272c39fb395400ddba55a.png [运行时间：0.133008s][吞吐率：7.52req/s] [内存消耗：1,228.81kb] [文件加载：38]
[ info ] [ ROUTE ] array (
  'type' => 'module',
  'module' => 
  array (
    0 => 'daone',
    1 => 'wed',
    2 => 'wuzu',
  ),
)
[ info ] [ HEADER ] array (
  'connection' => 'close',
  'cookie' => 'pgv_pvi=4809710592; Hm_lvt_15577700f8ecddb1a927813c81166ade=1492049263,1492087761; Hm_lvt_1d2519efe52fbcddc471e1b2ee80eb9e=1493089378,1493098346,1493723001,1493774808; _ga=GA1.1.217790516.1492141880; 2.png=1; Hm_lpvt_1d2519efe52fbcddc471e1b2ee80eb9e=1493780003; PHPSESSID=h6m9u3ke6ovalischq5dm6rtk3; think_var=zh-cn',
  'referer' => 'http://localhost/daone/wed/wuzu/tp5/public/css/index-w.css',
  'accept-encoding' => 'gzip, deflate',
  'accept-language' => 'zh-CN,zh;q=0.8,en-US;q=0.5,en;q=0.3',
  'accept' => '*/*',
  'user-agent' => 'Mozilla/5.0 (Windows NT 6.1; rv:53.0) Gecko/20100101 Firefox/53.0',
  'host' => 'localhost',
)
[ info ] [ PARAM ] array (
  '/images/c4b6f429ea6272c39fb395400ddba55a_png' => '',
  'tp5' => 'public',
  'images' => 'c4b6f429ea6272c39fb395400ddba55a.png',
)
[ info ] [ LANG ] F:\phpStudy\WWW\daone\wed\wuzu\tp5\framework\lang\zh-cn.php
[ info ] [ LOG ] INIT File

---------------------------------------------------------------
[ 2017-05-03T10:53:43+08:00 ] 127.0.0.1 127.0.0.1 GET /daone/wed/wuzu/tp5/public/index.php/admin/index/index
[ log ] localhost/daone/wed/wuzu/tp5/public/index.php/admin/index/index [运行时间：0.118007s][吞吐率：8.47req/s] [内存消耗：1,585.57kb] [文件加载：45]
[ info ] [ ROUTE ] array (
  'type' => 'module',
  'module' => 
  array (
    0 => 'admin',
    1 => 'index',
    2 => 'index',
  ),
)
[ info ] [ HEADER ] array (
  'upgrade-insecure-requests' => '1',
  'connection' => 'close',
  'cookie' => 'pgv_pvi=4809710592; Hm_lvt_15577700f8ecddb1a927813c81166ade=1492049263,1492087761; Hm_lvt_1d2519efe52fbcddc471e1b2ee80eb9e=1493089378,1493098346,1493723001,1493774808; _ga=GA1.1.217790516.1492141880; 2.png=1; Hm_lpvt_1d2519efe52fbcddc471e1b2ee80eb9e=1493780003; PHPSESSID=h6m9u3ke6ovalischq5dm6rtk3; think_var=zh-cn',
  'accept-encoding' => 'gzip, deflate',
  'accept-language' => 'zh-CN,zh;q=0.8,en-US;q=0.5,en;q=0.3',
  'accept' => 'text/html,application/xhtml+xml,application/xml;q=0.9,*/*;q=0.8',
  'user-agent' => 'Mozilla/5.0 (Windows NT 6.1; rv:53.0) Gecko/20100101 Firefox/53.0',
  'host' => 'localhost',
)
[ info ] [ PARAM ] array (
)
[ info ] [ SESSION ] INIT array (
  'id' => '',
  'var_session_id' => '',
  'prefix' => '',
  'type' => '',
  'auto_start' => true,
)
[ info ] [ RUN ] Method [ <user> public method index ] {
  @@ F:\phpStudy\WWW\daone\wed\wuzu\tp5\application\admin\controller\Index.php 7 - 9
}

[ info ] [ VIEW ] F:\phpStudy\WWW\daone\wed\wuzu\tp5\public/../application/admin\view\index\index.html [ array (
) ]
[ info ] [ LOG ] INIT File

---------------------------------------------------------------
[ 2017-05-03T10:53:43+08:00 ] 127.0.0.1 127.0.0.1 GET /daone/wed/wuzu/tp5/public/index.php/admin/index/head.html
[ log ] localhost/daone/wed/wuzu/tp5/public/index.php/admin/index/head.html [运行时间：0.174010s][吞吐率：5.75req/s] [内存消耗：1,634.47kb] [文件加载：46]
[ info ] [ ROUTE ] array (
  'type' => 'module',
  'module' => 
  array (
    0 => 'admin',
    1 => 'index',
    2 => 'head',
  ),
)
[ info ] [ HEADER ] array (
  'upgrade-insecure-requests' => '1',
  'connection' => 'close',
  'cookie' => 'pgv_pvi=4809710592; Hm_lvt_15577700f8ecddb1a927813c81166ade=1492049263,1492087761; Hm_lvt_1d2519efe52fbcddc471e1b2ee80eb9e=1493089378,1493098346,1493723001,1493774808; _ga=GA1.1.217790516.1492141880; 2.png=1; Hm_lpvt_1d2519efe52fbcddc471e1b2ee80eb9e=1493780003; PHPSESSID=h6m9u3ke6ovalischq5dm6rtk3; think_var=zh-cn',
  'referer' => 'http://localhost/daone/wed/wuzu/tp5/public/index.php/admin/index/index',
  'accept-encoding' => 'gzip, deflate',
  'accept-language' => 'zh-CN,zh;q=0.8,en-US;q=0.5,en;q=0.3',
  'accept' => 'text/html,application/xhtml+xml,application/xml;q=0.9,*/*;q=0.8',
  'user-agent' => 'Mozilla/5.0 (Windows NT 6.1; rv:53.0) Gecko/20100101 Firefox/53.0',
  'host' => 'localhost',
)
[ info ] [ PARAM ] array (
)
[ info ] [ SESSION ] INIT array (
  'id' => '',
  'var_session_id' => '',
  'prefix' => '',
  'type' => '',
  'auto_start' => true,
)
[ info ] [ RUN ] Method [ <user> public method head ] {
  @@ F:\phpStudy\WWW\daone\wed\wuzu\tp5\application\admin\controller\Index.php 15 - 17
}

[ info ] [ VIEW ] F:\phpStudy\WWW\daone\wed\wuzu\tp5\public/../application/admin\view\index\head.html [ array (
) ]
[ info ] [ LOG ] INIT File

---------------------------------------------------------------
[ 2017-05-03T10:53:43+08:00 ] 127.0.0.1 127.0.0.1 GET /daone/wed/wuzu/tp5/public/index.php/admin/index/left.html
[ log ] localhost/daone/wed/wuzu/tp5/public/index.php/admin/index/left.html [运行时间：0.342019s][吞吐率：2.92req/s] [内存消耗：1,653.18kb] [文件加载：46]
[ info ] [ ROUTE ] array (
  'type' => 'module',
  'module' => 
  array (
    0 => 'admin',
    1 => 'index',
    2 => 'left',
  ),
)
[ info ] [ HEADER ] array (
  'upgrade-insecure-requests' => '1',
  'connection' => 'close',
  'cookie' => 'pgv_pvi=4809710592; Hm_lvt_15577700f8ecddb1a927813c81166ade=1492049263,1492087761; Hm_lvt_1d2519efe52fbcddc471e1b2ee80eb9e=1493089378,1493098346,1493723001,1493774808; _ga=GA1.1.217790516.1492141880; 2.png=1; Hm_lpvt_1d2519efe52fbcddc471e1b2ee80eb9e=1493780003; PHPSESSID=h6m9u3ke6ovalischq5dm6rtk3; think_var=zh-cn',
  'referer' => 'http://localhost/daone/wed/wuzu/tp5/public/index.php/admin/index/index',
  'accept-encoding' => 'gzip, deflate',
  'accept-language' => 'zh-CN,zh;q=0.8,en-US;q=0.5,en;q=0.3',
  'accept' => 'text/html,application/xhtml+xml,application/xml;q=0.9,*/*;q=0.8',
  'user-agent' => 'Mozilla/5.0 (Windows NT 6.1; rv:53.0) Gecko/20100101 Firefox/53.0',
  'host' => 'localhost',
)
[ info ] [ PARAM ] array (
)
[ info ] [ SESSION ] INIT array (
  'id' => '',
  'var_session_id' => '',
  'prefix' => '',
  'type' => '',
  'auto_start' => true,
)
[ info ] [ RUN ] Method [ <user> public method left ] {
  @@ F:\phpStudy\WWW\daone\wed\wuzu\tp5\application\admin\controller\Index.php 25 - 27
}

[ info ] [ VIEW ] F:\phpStudy\WWW\daone\wed\wuzu\tp5\public/../application/admin\view\index\left.html [ array (
) ]
[ info ] [ LOG ] INIT File

---------------------------------------------------------------
[ 2017-05-03T10:53:44+08:00 ] 127.0.0.1 127.0.0.1 GET /daone/wed/wuzu/tp5/public/index.php/admin/index/main.html
[ log ] localhost/daone/wed/wuzu/tp5/public/index.php/admin/index/main.html [运行时间：0.128007s][吞吐率：7.81req/s] [内存消耗：1,585.38kb] [文件加载：45]
[ info ] [ ROUTE ] array (
  'type' => 'module',
  'module' => 
  array (
    0 => 'admin',
    1 => 'index',
    2 => 'main',
  ),
)
[ info ] [ HEADER ] array (
  'upgrade-insecure-requests' => '1',
  'connection' => 'close',
  'cookie' => 'pgv_pvi=4809710592; Hm_lvt_15577700f8ecddb1a927813c81166ade=1492049263,1492087761; Hm_lvt_1d2519efe52fbcddc471e1b2ee80eb9e=1493089378,1493098346,1493723001,1493774808; _ga=GA1.1.217790516.1492141880; 2.png=1; Hm_lpvt_1d2519efe52fbcddc471e1b2ee80eb9e=1493780003; PHPSESSID=h6m9u3ke6ovalischq5dm6rtk3; think_var=zh-cn',
  'referer' => 'http://localhost/daone/wed/wuzu/tp5/public/index.php/admin/index/index',
  'accept-encoding' => 'gzip, deflate',
  'accept-language' => 'zh-CN,zh;q=0.8,en-US;q=0.5,en;q=0.3',
  'accept' => 'text/html,application/xhtml+xml,application/xml;q=0.9,*/*;q=0.8',
  'user-agent' => 'Mozilla/5.0 (Windows NT 6.1; rv:53.0) Gecko/20100101 Firefox/53.0',
  'host' => 'localhost',
)
[ info ] [ PARAM ] array (
)
[ info ] [ SESSION ] INIT array (
  'id' => '',
  'var_session_id' => '',
  'prefix' => '',
  'type' => '',
  'auto_start' => true,
)
[ info ] [ RUN ] Method [ <user> public method main ] {
  @@ F:\phpStudy\WWW\daone\wed\wuzu\tp5\application\admin\controller\Index.php 20 - 22
}

[ info ] [ VIEW ] F:\phpStudy\WWW\daone\wed\wuzu\tp5\public/../application/admin\view\index\main.html [ array (
) ]
[ info ] [ LOG ] INIT File

---------------------------------------------------------------
[ 2017-05-03T10:53:46+08:00 ] 127.0.0.1 127.0.0.1 GET /daone/wed/wuzu/tp5/public/index.php/admin/miyue/show.html
[ log ] localhost/daone/wed/wuzu/tp5/public/index.php/admin/miyue/show.html [运行时间：0.474027s][吞吐率：2.11req/s] [内存消耗：2,380.09kb] [文件加载：55]
[ info ] [ ROUTE ] array (
  'type' => 'module',
  'module' => 
  array (
    0 => 'admin',
    1 => 'miyue',
    2 => 'show',
  ),
)
[ info ] [ HEADER ] array (
  'upgrade-insecure-requests' => '1',
  'connection' => 'close',
  'cookie' => 'pgv_pvi=4809710592; Hm_lvt_15577700f8ecddb1a927813c81166ade=1492049263,1492087761; Hm_lvt_1d2519efe52fbcddc471e1b2ee80eb9e=1493089378,1493098346,1493723001,1493774808; _ga=GA1.1.217790516.1492141880; 2.png=1; Hm_lpvt_1d2519efe52fbcddc471e1b2ee80eb9e=1493780003; PHPSESSID=h6m9u3ke6ovalischq5dm6rtk3; think_var=zh-cn',
  'referer' => 'http://localhost/daone/wed/wuzu/tp5/public/index.php/admin/index/left.html',
  'accept-encoding' => 'gzip, deflate',
  'accept-language' => 'zh-CN,zh;q=0.8,en-US;q=0.5,en;q=0.3',
  'accept' => 'text/html,application/xhtml+xml,application/xml;q=0.9,*/*;q=0.8',
  'user-agent' => 'Mozilla/5.0 (Windows NT 6.1; rv:53.0) Gecko/20100101 Firefox/53.0',
  'host' => 'localhost',
)
[ info ] [ PARAM ] array (
)
[ info ] [ SESSION ] INIT array (
  'id' => '',
  'var_session_id' => '',
  'prefix' => '',
  'type' => '',
  'auto_start' => true,
)
[ info ] [ RUN ] Method [ <user> public method show ] {
  @@ F:\phpStudy\WWW\daone\wed\wuzu\tp5\application\admin\controller\Miyue.php 19 - 28
}

[ info ] [ DB ] INIT mysql
[ info ] [ VIEW ] F:\phpStudy\WWW\daone\wed\wuzu\tp5\public/../application/admin\view\miyue\miyue_show.html [ array (
  0 => 'list',
  1 => 'page',
) ]
[ info ] [ LOG ] INIT File
[ sql ] [ DB ] CONNECT:[ UseTime:0.029002s ] mysql:dbname=wedding;host=139.199.97.249;port=3306;charset=utf8
[ sql ] [ SQL ] SHOW COLUMNS FROM `wedding_miyue` [ RunTime:0.038002s ]
[ sql ] [ SQL ] SELECT COUNT(*) AS tp_count FROM `wedding_miyue` LIMIT 1   [ RunTime:0.037002s ]
[ sql ] [ SQL ] SELECT * FROM `wedding_miyue` LIMIT 0,5   [ RunTime:0.071004s ]

---------------------------------------------------------------
